\BOOKMARK [0][-]{chapter.1}{GPU Optimization of Base Form 820 * Collective Artificial Spouse Retirement Plan}{}% 1
\BOOKMARK [1][-]{section.1.1}{Introduction}{chapter.1}% 2
\BOOKMARK [1][-]{section.1.2}{Background}{chapter.1}% 3
\BOOKMARK [2][-]{subsection.1.2.1}{Problem definition}{section.1.2}% 4
\BOOKMARK [2][-]{subsection.1.2.2}{Scope}{section.1.2}% 5
\BOOKMARK [2][-]{subsection.1.2.3}{Assumptions}{section.1.2}% 6
\BOOKMARK [1][-]{section.1.3}{The Math}{chapter.1}% 7
\BOOKMARK [2][-]{subsection.1.3.1}{Outer model}{section.1.3}% 8
\BOOKMARK [2][-]{subsection.1.3.2}{Middle model}{section.1.3}% 9
\BOOKMARK [2][-]{subsection.1.3.3}{Inner model}{section.1.3}% 10
\BOOKMARK [2][-]{subsection.1.3.4}{Runge-Kutta 4th order}{section.1.3}% 11
\BOOKMARK [1][-]{section.1.4}{Implementation}{chapter.1}% 12
\BOOKMARK [1][-]{section.1.5}{CUDA}{chapter.1}% 13
\BOOKMARK [2][-]{subsection.1.5.1}{CUDA Architecture}{section.1.5}% 14
\BOOKMARK [2][-]{subsection.1.5.2}{Parralellisation}{section.1.5}% 15
\BOOKMARK [1][-]{section.1.6}{Testing}{chapter.1}% 16
\BOOKMARK [1][-]{section.1.7}{Benchmarks and Comparison}{chapter.1}% 17
\BOOKMARK [1][-]{section.1.8}{Reflection / Discussion}{chapter.1}% 18
\BOOKMARK [1][-]{section.1.9}{Future work}{chapter.1}% 19
\BOOKMARK [1][-]{section.1.10}{Conclusion}{chapter.1}% 20
\BOOKMARK [1][-]{section.1.11}{Glossary}{chapter.1}% 21
