This is pdfTeX, Version 3.1415926-2.4-1.40.13 (TeX Live 2012) (format=pdflatex 2012.6.30)  12 APR 2013 18:46
entering extended mode
 restricted \write18 enabled.
 file:line:error style messages enabled.
 %&-line parsing enabled.
**Report.tex
(./Report.tex
LaTeX2e <2011/06/27>
Babel <v3.8m> and hyphenation patterns for english, dumylang, nohyphenation, ge
rman-x-2012-05-30, ngerman-x-2012-05-30, afrikaans, ancientgreek, ibycus, arabi
c, armenian, basque, bulgarian, catalan, pinyin, coptic, croatian, czech, danis
h, dutch, ukenglish, usenglishmax, esperanto, estonian, ethiopic, farsi, finnis
h, french, friulan, galician, german, ngerman, swissgerman, monogreek, greek, h
ungarian, icelandic, assamese, bengali, gujarati, hindi, kannada, malayalam, ma
rathi, oriya, panjabi, tamil, telugu, indonesian, interlingua, irish, italian, 
kurmanji, latin, latvian, lithuanian, mongolian, mongolianlmc, bokmal, nynorsk,
 polish, portuguese, romanian, romansh, russian, sanskrit, serbian, serbianc, s
lovak, slovenian, spanish, swedish, turkish, turkmen, ukrainian, uppersorbian, 
welsh, loaded.
(/usr/local/texlive/2012/texmf-dist/tex/latex/base/article.cls
Document Class: article 2007/10/19 v1.4h Standard LaTeX document class
(/usr/local/texlive/2012/texmf-dist/tex/latex/base/size12.clo
File: size12.clo 2007/10/19 v1.4h Standard LaTeX file (size option)
)
\c@part=\count79
\c@section=\count80
\c@subsection=\count81
\c@subsubsection=\count82
\c@paragraph=\count83
\c@subparagraph=\count84
\c@figure=\count85
\c@table=\count86
\abovecaptionskip=\skip41
\belowcaptionskip=\skip42
\bibindent=\dimen102
)
(/usr/local/texlive/2012/texmf-dist/tex/latex/amsmath/amsmath.sty
Package: amsmath 2000/07/18 v2.13 AMS math features
\@mathmargin=\skip43

For additional information on amsmath, use the `?' option.
(/usr/local/texlive/2012/texmf-dist/tex/latex/amsmath/amstext.sty
Package: amstext 2000/06/29 v2.01

(/usr/local/texlive/2012/texmf-dist/tex/latex/amsmath/amsgen.sty
File: amsgen.sty 1999/11/30 v2.0
\@emptytoks=\toks14
\ex@=\dimen103
))
(/usr/local/texlive/2012/texmf-dist/tex/latex/amsmath/amsbsy.sty
Package: amsbsy 1999/11/29 v1.2d
\pmbraise@=\dimen104
)
(/usr/local/texlive/2012/texmf-dist/tex/latex/amsmath/amsopn.sty
Package: amsopn 1999/12/14 v2.01 operator names
)
\inf@bad=\count87
LaTeX Info: Redefining \frac on input line 211.
\uproot@=\count88
\leftroot@=\count89
LaTeX Info: Redefining \overline on input line 307.
\classnum@=\count90
\DOTSCASE@=\count91
LaTeX Info: Redefining \ldots on input line 379.
LaTeX Info: Redefining \dots on input line 382.
LaTeX Info: Redefining \cdots on input line 467.
\Mathstrutbox@=\box26
\strutbox@=\box27
\big@size=\dimen105
LaTeX Font Info:    Redeclaring font encoding OML on input line 567.
LaTeX Font Info:    Redeclaring font encoding OMS on input line 568.
\macc@depth=\count92
\c@MaxMatrixCols=\count93
\dotsspace@=\muskip10
\c@parentequation=\count94
\dspbrk@lvl=\count95
\tag@help=\toks15
\row@=\count96
\column@=\count97
\maxfields@=\count98
\andhelp@=\toks16
\eqnshift@=\dimen106
\alignsep@=\dimen107
\tagshift@=\dimen108
\tagwidth@=\dimen109
\totwidth@=\dimen110
\lineht@=\dimen111
\@envbody=\toks17
\multlinegap=\skip44
\multlinetaggap=\skip45
\mathdisplay@stack=\toks18
LaTeX Info: Redefining \[ on input line 2666.
LaTeX Info: Redefining \] on input line 2667.
)
(./Report.aux)
\openout1 = `Report.aux'.

LaTeX Font Info:    Checking defaults for OML/cmm/m/it on input line 8.
LaTeX Font Info:    ... okay on input line 8.
LaTeX Font Info:    Checking defaults for T1/cmr/m/n on input line 8.
LaTeX Font Info:    ... okay on input line 8.
LaTeX Font Info:    Checking defaults for OT1/cmr/m/n on input line 8.
LaTeX Font Info:    ... okay on input line 8.
LaTeX Font Info:    Checking defaults for OMS/cmsy/m/n on input line 8.
LaTeX Font Info:    ... okay on input line 8.
LaTeX Font Info:    Checking defaults for OMX/cmex/m/n on input line 8.
LaTeX Font Info:    ... okay on input line 8.
LaTeX Font Info:    Checking defaults for U/cmr/m/n on input line 8.
LaTeX Font Info:    ... okay on input line 8.

Overfull \hbox (30.0033pt too wide) in paragraph at lines 9--9
 [][] 
 []

(./Abstract.tex) (./Introduction.tex
Missing character: There is no Ã in font cmr12!
Missing character: There is no ¦ in font cmr12!
)
Missing character: There is no Ã in font cmr12!
Missing character: There is no ¸ in font cmr12!
 (./Background.tex) (./TheMath.tex
Missing character: There is no Ã in font cmr12!
Missing character: There is no ¦ in font cmr12!

Underfull \hbox (badness 10000) in paragraph at lines 4--9

 []


Underfull \hbox (badness 10000) in paragraph at lines 4--9

 []

[1

{/usr/local/texlive/2012/texmf-var/fonts/map/pdftex/updmap/pdftex.map}]
Underfull \hbox (badness 10000) in paragraph at lines 40--42

 []


Underfull \hbox (badness 10000) in paragraph at lines 40--42

 []

[2]
Missing character: There is no Ã in font cmr12!
Missing character: There is no ˜ in font cmr12!

Underfull \hbox (badness 10000) in paragraph at lines 48--55

 []


Underfull \hbox (badness 10000) in paragraph at lines 48--55

 []


Underfull \hbox (badness 10000) in paragraph at lines 48--55

 []


Overfull \hbox (12.31342pt too wide) in paragraph at lines 56--58
[]\OT1/cmr/m/n/12 Where $\OML/cmm/m/it/12 g[]$ \OT1/cmr/m/n/12 is the propa-bil
-ity that a $\OML/cmm/m/it/12 ^^\$ \OT1/cmr/m/n/12 year is mar-ried and $\OML/c
mm/m/it/12 f\OT1/cmr/m/n/12 (\OML/cmm/m/it/12 ^^Q\OMS/cmsy/m/n/12 j\OML/cmm/m/i
t/12 ^^\\OT1/cmr/m/n/12 )$ is SANDSYN-
 []


Underfull \hbox (badness 10000) in paragraph at lines 56--58

 []


Underfull \hbox (badness 10000) in paragraph at lines 59--60

 []


Overfull \hbox (26.95279pt too wide) in paragraph at lines 61--62
[]\OT1/cmr/m/n/12 here the DET-DER-TAL-SOM-LIGNER-EN-EKSPONENT-MEN-ER-NEDE-
 []


Underfull \hbox (badness 10000) in paragraph at lines 66--67

 []

[3]
Underfull \hbox (badness 10000) in paragraph at lines 68--69

 []

Missing character: There is no Ã in font cmr12!
Missing character: There is no † in font cmr12!
Missing character: There is no Ã in font cmr12!
Missing character: There is no † in font cmr12!

Underfull \hbox (badness 10000) in paragraph at lines 75--77

 []

)
Underfull \hbox (badness 10000) in paragraph at lines 78--31

 []

Missing character: There is no Ã in font cmr12!
Missing character: There is no ˜ in font cmr12!
(./CUDA.tex) (./Implementation.tex) [4]
Missing character: There is no Ã in font cmr12!
Missing character: There is no ¥ in font cmr12!
Missing character: There is no Ã in font cmr12!
Missing character: There is no ¥ in font cmr12!
Missing character: There is no Ã in font cmr12!
Missing character: There is no ¦ in font cmr12!
Missing character: There is no Ã in font cmr12!
Missing character: There is no ¥ in font cmr12!
Missing character: There is no Ã in font cmr12!
Missing character: There is no ¥ in font cmr12!
 (./Testing.tex) (./BAndC.tex)
(./Conclusion.tex)
Missing character: There is no Ã in font cmr12!
Missing character: There is no ¸ in font cmr12!
Missing character: There is no Ã in font cmr12!
Missing character: There is no ¸ in font cmr12!
Missing character: There is no Ã in font cmr12!
Missing character: There is no † in font cmr12!
Missing character: There is no Ã in font cmr12!
Missing character: There is no … in font cmr12!
Missing character: There is no Ã in font cmr12!
Missing character: There is no † in font cmr12!
Missing character: There is no Ã in font cmr12!
Missing character: There is no † in font cmr12!
Missing character: There is no Ã in font cmr12!
Missing character: There is no † in font cmr12!
Missing character: There is no Ã in font cmr12!
Missing character: There is no … in font cmr12!
Missing character: There is no Ã in font cmr12!
Missing character: There is no † in font cmr12!
Missing character: There is no Ã in font cmr12!
Missing character: There is no … in font cmr12!
Missing character: There is no Ã in font cmr12!
Missing character: There is no ˜ in font cmr12!
Missing character: There is no Ã in font cmr12!
Missing character: There is no ˜ in font cmr12!
Missing character: There is no Ã in font cmr12!
Missing character: There is no … in font cmr12!
Missing character: There is no Ã in font cmr12!
Missing character: There is no … in font cmr12!
Missing character: There is no Ã in font cmr12!
Missing character: There is no † in font cmr12!
Missing character: There is no Ã in font cmr12!
Missing character: There is no … in font cmr12!
Missing character: There is no Ã in font cmr12!
Missing character: There is no ¦ in font cmr12!
Missing character: There is no Ã in font cmr12!
Missing character: There is no ¥ in font cmr12!
Missing character: There is no Ã in font cmr12!
Missing character: There is no ¥ in font cmr12!
Missing character: There is no Ã in font cmr12!
Missing character: There is no ¥ in font cmr12!

Overfull \hbox (10.03137pt too wide) in paragraph at lines 63--67
[]\OT1/cmr/m/n/12 KUNNE DET VRE IN-TER-ES-SANT AT BRUGE DY-NAMIC PRO-GRAM-
 []


Overfull \hbox (20.79672pt too wide) in paragraph at lines 63--67
\OT1/cmr/m/n/12 AN-DRE BEREG-NINGER MED SAMME PARAME-TRE OG DE NYE BEREG-
 []

[5] (./Reflection.tex)
Missing character: There is no Ã in font cmr12!
Missing character: There is no ¸ in font cmr12!
Missing character: There is no Ã in font cmr12!
Missing character: There is no ¥ in font cmr12!
 (./Glossary.tex
LaTeX Font Info:    Try loading font information for OMS+cmr on input line 2.

(/usr/local/texlive/2012/texmf-dist/tex/latex/base/omscmr.fd
File: omscmr.fd 1999/05/25 v2.5h Standard LaTeX font definitions
)
LaTeX Font Info:    Font shape `OMS/cmr/m/n' in size <12> not available
(Font)              Font shape `OMS/cmsy/m/n' tried instead on input line 2.
Missing character: There is no Ã in font cmr12!
Missing character: There is no ¦ in font cmr12!
Missing character: There is no Ã in font cmr12!
Missing character: There is no ¦ in font cmr12!
Missing character: There is no Ã in font cmr12!
Missing character: There is no ¸ in font cmr12!
) [6]
(./Report.aux) ) 
Here is how much of TeX's memory you used:
 889 strings out of 493488
 10062 string characters out of 3141326
 63276 words of memory out of 3000000
 4217 multiletter control sequences out of 15000+200000
 10160 words of font info for 37 fonts, out of 3000000 for 9000
 957 hyphenation exceptions out of 8191
 27i,13n,20p,545b,189s stack positions out of 5000i,500n,10000p,200000b,50000s
</usr/local/texlive/2012/texmf-dist/fonts/type1/public/amsfonts
/cm/cmbx12.pfb></usr/local/texlive/2012/texmf-dist/fonts/type1/public/amsfonts/
cm/cmex10.pfb></usr/local/texlive/2012/texmf-dist/fonts/type1/public/amsfonts/c
m/cmmi12.pfb></usr/local/texlive/2012/texmf-dist/fonts/type1/public/amsfonts/cm
/cmmi8.pfb></usr/local/texlive/2012/texmf-dist/fonts/type1/public/amsfonts/cm/c
mr12.pfb></usr/local/texlive/2012/texmf-dist/fonts/type1/public/amsfonts/cm/cmr
17.pfb></usr/local/texlive/2012/texmf-dist/fonts/type1/public/amsfonts/cm/cmr8.
pfb></usr/local/texlive/2012/texmf-dist/fonts/type1/public/amsfonts/cm/cmsy10.p
fb></usr/local/texlive/2012/texmf-dist/fonts/type1/public/amsfonts/cm/cmsy8.pfb
>
Output written on Report.pdf (6 pages, 113344 bytes).
PDF statistics:
 59 PDF objects out of 1000 (max. 8388607)
 41 compressed objects within 1 object stream
 0 named destinations out of 1000 (max. 500000)
 1 words of extra memory for PDF output out of 10000 (max. 10000000)

