Build started 04-04-2013 16:40:35.
     1>Project "C:\Users\Niklas Schalck\documents\visual studio 2010\Projects\RK4\RK4\RK4.vcxproj" on node 2 (build target(s)).
     1>PrepareForBuild:
         Creating directory "C:\Users\Niklas Schalck\documents\visual studio 2010\Projects\RK4\Release\".
       InitializeBuildStatus:
         Creating "Release\RK4.unsuccessfulbuild" because "AlwaysCreate" was specified.
       AddCudaCompileDeps:
         c:\Program Files (x86)\Microsoft Visual Studio 10.0\VC\bin\cl.exe /E /nologo /showIncludes /TP /D__CUDACC__ /D_MBCS /I"C:\Program Files\NVIDIA GPU Computing Toolkit\CUDA\v5.0\include" /I"C:\Program Files\NVIDIA GPU Computing Toolkit\CUDA\v5.0\bin" /I"C:\Program Files\NVIDIA GPU Computing Toolkit\CUDA\v5.0\include" /I. /FIcuda_runtime.h /c "C:\Users\Niklas Schalck\documents\visual studio 2010\Projects\RK4\RK4\kernel.cu" 
       AddCudaCompilePropsDeps:
         Found "CudaToolkitCustomDir".
         Found "AdditionalDeps".
         Found "CompileOut".
         Found "Include".
         Found "UseHostInclude".
         Found "Keep".
         Found "KeepDir".
         Found "GenerateRelocatableDeviceCode".
         Found "NvccCompilation".
         Found "NvccPath".
         Found "RequiredIncludes".
         Found "TargetMachinePlatform".
         Found "CInterleavedPTX".
         Found "CodeGeneration".
         Found "GPUDebugInfo".
         Found "GenerateLineInfo".
         Found "MaxRegCount".
         Found "PtxAsOptionV".
         Found "AdditionalCompilerOptions".
         Found "Defines".
         Found "UseHostDefines".
         Found "Emulation".
         Found "HostDebugInfo".
         Found "FastMath".
         Found "Optimization".
         Found "Runtime".
         Found "RuntimeChecks".
         Found "TypeInfo".
         Found "Warning".
         Found "AdditionalOptions".
         Found "CommandLineTemplate".
         Found "PerformDeviceLink".
         Found "LinkOut".
         Found "AdditionalLibraryDirectories".
         Found "UseHostLibraryDirectories".
         Found "AdditionalDependencies".
         Found "UseHostLibraryDependencies".
         Found "GPUDebugInfo".
         Found "Optimization".
         Found "CodeGeneration".
         Found "TargetMachinePlatform".
         Found "Warning".
         Found "RuntimeChecks".
         Found "Runtime".
         Found "TypeInfo".
         Found "AdditionalCompilerOptions".
         Found "Inputs".
         Found "AdditionalOptions".
         Found "CommandLineTemplate".
       CudaBuild:
         Compiling CUDA source file kernel.cu...
         cmd.exe /C "C:\Users\Niklas Schalck\AppData\Local\Temp\52a200b523a245f2854a1cda35a0f17f.cmd"
         "C:\Program Files\NVIDIA GPU Computing Toolkit\CUDA\v5.0\bin\nvcc.exe" -gencode=arch=compute_10,code=\"sm_10,compute_10\" --use-local-env --cl-version 2010 -ccbin "c:\Program Files (x86)\Microsoft Visual Studio 10.0\VC\bin"  -I"C:\Program Files\NVIDIA GPU Computing Toolkit\CUDA\v5.0\include" -I"C:\Program Files\NVIDIA GPU Computing Toolkit\CUDA\v5.0\include"     --keep-dir "Release" -maxrregcount=0  --machine 32 --compile     -D_MBCS -Xcompiler "/EHsc /W3 /nologo /O2 /Zi  /MD  " -o "Release\kernel.cu.obj" "C:\Users\Niklas Schalck\documents\visual studio 2010\Projects\RK4\RK4\kernel.cu"
         
         C:\Users\Niklas Schalck\documents\visual studio 2010\Projects\RK4\RK4>"C:\Program Files\NVIDIA GPU Computing Toolkit\CUDA\v5.0\bin\nvcc.exe" -gencode=arch=compute_10,code=\"sm_10,compute_10\" --use-local-env --cl-version 2010 -ccbin "c:\Program Files (x86)\Microsoft Visual Studio 10.0\VC\bin"  -I"C:\Program Files\NVIDIA GPU Computing Toolkit\CUDA\v5.0\include" -I"C:\Program Files\NVIDIA GPU Computing Toolkit\CUDA\v5.0\include"     --keep-dir "Release" -maxrregcount=0  --machine 32 --compile     -D_MBCS -Xcompiler "/EHsc /W3 /nologo /O2 /Zi  /MD  " -o "Release\kernel.cu.obj" "C:\Users\Niklas Schalck\documents\visual studio 2010\Projects\RK4\RK4\kernel.cu" 
         kernel.cu
     1>C:/Users/Niklas Schalck/documents/visual studio 2010/Projects/RK4/RK4/kernel.cu(21): warning : variable "d_h1" was declared but never referenced
         
     1>C:/Users/Niklas Schalck/documents/visual studio 2010/Projects/RK4/RK4/kernel.cu(22): warning : variable "d_h2" was declared but never referenced
         
     1>C:/Users/Niklas Schalck/documents/visual studio 2010/Projects/RK4/RK4/kernel.cu(26): warning : variable "d_level2fullsteps" was declared but never referenced
         
     1>C:/Users/Niklas Schalck/documents/visual studio 2010/Projects/RK4/RK4/kernel.cu(121): error : calling a __host__ function("printf") from a __global__ function("Outer") is not allowed
         
         1 error detected in the compilation of "C:/Users/NIKLAS~1/AppData/Local/Temp/tmpxft_00000274_00000000-5_kernel.cpp1.ii".
     1>C:\Program Files (x86)\MSBuild\Microsoft.Cpp\v4.0\BuildCustomizations\CUDA 5.0.targets(592,9): error MSB3721: The command ""C:\Program Files\NVIDIA GPU Computing Toolkit\CUDA\v5.0\bin\nvcc.exe" -gencode=arch=compute_10,code=\"sm_10,compute_10\" --use-local-env --cl-version 2010 -ccbin "c:\Program Files (x86)\Microsoft Visual Studio 10.0\VC\bin"  -I"C:\Program Files\NVIDIA GPU Computing Toolkit\CUDA\v5.0\include" -I"C:\Program Files\NVIDIA GPU Computing Toolkit\CUDA\v5.0\include"     --keep-dir "Release" -maxrregcount=0  --machine 32 --compile     -D_MBCS -Xcompiler "/EHsc /W3 /nologo /O2 /Zi  /MD  " -o "Release\kernel.cu.obj" "C:\Users\Niklas Schalck\documents\visual studio 2010\Projects\RK4\RK4\kernel.cu"" exited with code 2.
     1>Done Building Project "C:\Users\Niklas Schalck\documents\visual studio 2010\Projects\RK4\RK4\RK4.vcxproj" (build target(s)) -- FAILED.

Build FAILED.

Time Elapsed 00:00:01.61
